Arguments: 
  D:\node.exe C:\Users\紫枫\AppData\Roaming\npm\node_modules\yarn\bin\yarn.js install

PATH: 
  C:\Users\紫枫\bin;D:\CloudMusic\Git\mingw64\bin;D:\CloudMusic\Git\usr\local\bin;D:\CloudMusic\Git\usr\bin;D:\CloudMusic\Git\usr\bin;D:\CloudMusic\Git\mingw64\bin;D:\CloudMusic\Git\usr\bin;C:\Users\紫枫\bin;C:\Program Files (x86)\Intel\iCLS Client;C:\Program Files\Intel\iCLS Client;C:\WINDOWS\system32;C:\WINDOWS;C:\WINDOWS\System32\Wbem;C:\WINDOWS\System32\WindowsPowerShell\v1.0;C:\Program Files (x86)\Intel\Intel(R) Management Engine Components\DAL;C:\Program Files\Intel\Intel(R) Management Engine Components\DAL;C:\Program Files (x86)\Intel\Intel(R) Management Engine Components\IPT;C:\Program Files\Intel\Intel(R) Management Engine Components\IPT;D:\CloudMusic\Git\cmd;C:\WINDOWS\System32\OpenSSH;C:\Program Files\Intel\WiFi\bin;C:\Program Files\Common Files\Intel\WirelessCommon;D:\;C:\Users\紫枫\AppData\Local\Programs\Python\Python36-32\Scripts;C:\Users\紫枫\AppData\Local\Programs\Python\Python36-32;C:\Users\紫枫\AppData\Local\Microsoft\WindowsApps;D:\Microsoft VS Code\bin;C:\Users\紫枫\AppData\Roaming\npm;D:\CloudMusic\Git\usr\bin\vendor_perl;D:\CloudMusic\Git\usr\bin\core_perl

Yarn version: 
  1.9.4

Node version: 
  10.5.0

Platform: 
  win32 x64

Trace: 
  Error: ENOENT: no such file or directory, copyfile 'C:\Users\紫枫\AppData\Local\Yarn\Cache\v2\npm-is-extglob-2.1.1-a88c02535791f02ed37c76a1b9ea9773c833f8c2\index.js' -> 'E:\projectWork\management-v1\node_modules\copy-webpack-plugin\node_modules\is-extglob\index.js'

npm manifest: 
  {
    "name": "management",
    "version": "0.0.1",
    "dependencies": {
      "antd": "^3.4.1",
      "axios": "^0.18.0",
      "babel-polyfill": "^6.23.0",
      "blueimp-md5": "^2.10.0",
      "classnames": "^2.2.5",
      "cross-env": "^5.0.5",
      "d3-shape": "^1.2.0",
      "draftjs-to-markdown": "^0.5.0",
      "dva": "^2.2.2",
      "dva-loading": "^2.0.0",
      "echarts": "^4.0.0",
      "echarts-for-react": "^2.0.0",
      "echarts-gl": "^1.0.0-beta.5",
      "echarts-liquidfill": "^2.0.0",
      "ejs-loader": "^0.3.0",
      "highcharts-exporting": "^0.1.2",
      "highcharts-more": "^0.1.2",
      "history": "^4.7.2",
      "js-beautify": "^1.6.14",
      "jsonp": "^0.2.1",
      "less-vars-to-js": "^1.1.2",
      "lodash": "^4.17.4",
      "lrz": "^4.9.40",
      "mockjs": "^1.0.1-beta3",
      "moment": "^2.22.1",
      "nprogress": "^0.2.0",
      "path-to-regexp": "^2.1.0",
      "prop-types": "^15.5.10",
      "qs": "^6.5.0",
      "query-string": "^5.1.1",
      "rc-tween-one": "^1.3.1",
      "react": "^16.2.0",
      "react-countup": "^3.0.2",
      "react-dom": "^16.2.0",
      "react-draft-wysiwyg": "^1.10.0",
      "react-helmet": "^5.1.3",
      "react-highcharts": "^16.0.2",
      "recharts": "^1.0.0-beta.0"
    },
    "devDependencies": {
      "babel-eslint": "^8.1.0",
      "babel-plugin-dev-expression": "^0.2.1",
      "babel-plugin-dva-hmr": "^0.4.0",
      "babel-plugin-import": "^1.1.1",
      "babel-plugin-transform-runtime": "^6.9.0",
      "babel-runtime": "^6.9.2",
      "copy-webpack-plugin": "^4.0.1",
      "draftjs-to-html": "^0.8.1",
      "dva-model-extend": "^0.1.1",
      "eslint": "^4.1.1",
      "eslint-config-airbnb": "^16.1.0",
      "eslint-import-resolver-node": "^0.3.1",
      "eslint-loader": "^2.0.0",
      "eslint-plugin-import": "^2.6.1",
      "eslint-plugin-jsx-a11y": "^6.0.2",
      "eslint-plugin-react": "^7.1.0",
      "html-webpack-plugin": "^3.2.0",
      "redbox-react": "^1.2.10",
      "roadhog": "1.3.1"
    },
    "pre-commit": [
      "lint"
    ],
    "scripts": {
      "dev": "cross-env BROWSER=none HOST=0.0.0.0 roadhog server",
      "dev:test": "cross-env BROWSER=none API_ENV=test HOST=0.0.0.0 roadhog server",
      "dev:pro": "cross-env BROWSER=none API_ENV=production HOST=0.0.0.0 roadhog server",
  
      "start": "roadhog buildDll && cross-env BROWSER=none HOST=0.0.0.0 roadhog server",
      "lint": "eslint --fix --ext .js src",
  
      "build": "cross-env API_ENV=production roadhog build",
      "build:test": "cross-env API_ENV=test roadhog build",
      "build:dev": "cross-env API_ENV=development roadhog build",
  
      "build:dll": "roadhog buildDll",
      "build:new": "node version && roadhog build"
    }
  }

yarn manifest: 
  No manifest

Lockfile: 
  No lockfile
